[2020-11-25T14:25:51.869] [INFO] default - gathering products and saving their id and name
[2020-11-25T14:27:56.418] [INFO] default - gathering products and saving their id and name
[2020-11-25T14:27:56.769] [INFO] default - gathering images with the item IDs
[2020-11-25T14:28:46.980] [INFO] default - gathering products and saving their id and name
[2020-11-25T14:28:47.347] [INFO] default - gathering images with the item IDs
[2020-11-25T14:31:17.166] [INFO] default - gathering products and saving their id and name
[2020-11-25T14:31:26.800] [INFO] default - gathering products and saving their id and name
[2020-11-25T14:32:28.327] [INFO] default - gathering products and saving their id and name
[2020-11-25T14:32:38.678] [INFO] default - gathering products and saving their id and name
[2020-11-25T14:35:34.335] [INFO] default - gathering products and saving their id and name
[2020-11-25T14:35:41.298] [INFO] default - gathering products and saving their id and name
[2020-11-25T14:37:19.475] [INFO] default - gathering products and saving their id and name
[2020-11-25T14:38:06.590] [INFO] default - gathering products and saving their id and name
[2020-11-25T14:38:06.989] [INFO] default - gathering images with the item IDs
[2020-11-25T14:38:16.710] [INFO] default - gathering products and saving their id and name
[2020-11-25T14:38:17.070] [INFO] default - gathering images with the item IDs
[2020-11-25T14:38:34.200] [INFO] default - gathering products and saving their id and name
[2020-11-25T14:38:34.546] [INFO] default - gathering images with the item IDs
[2020-11-25T14:38:53.845] [INFO] default - gathering products and saving their id and name
[2020-11-25T14:38:54.286] [INFO] default - gathering images with the item IDs
[2020-11-25T14:42:46.286] [INFO] default - gathering products and saving their id and name
[2020-11-25T14:42:46.727] [INFO] default - gathering images with the item IDs
[2020-11-25T14:48:56.074] [INFO] default - gathering products and saving their id and name
[2020-11-25T15:02:23.656] [INFO] default - gathering products and saving their id and name
[2020-11-25T15:05:21.016] [INFO] default - gathering products and saving their id and name
[2020-11-25T15:09:22.965] [INFO] default - gathering products and saving their id and name
[2020-11-25T15:09:30.683] [INFO] default - gathering products and saving their id and name
[2020-11-25T15:11:18.835] [INFO] default - gathering products and saving their id and name
[2020-11-25T15:11:44.033] [INFO] default - gathering products and saving their id and name
[2020-11-25T15:14:30.642] [INFO] default - gathering products and saving their id and name
[2020-11-25T15:15:36.378] [INFO] default - gathering products and saving their id and name
[2020-11-25T15:24:28.099] [INFO] default - gathering products and saving their id and name
[2020-11-25T15:24:44.739] [INFO] default - gathering products and saving their id and name
[2020-11-25T15:26:55.704] [INFO] default - gathering products and saving their id and name
[2020-11-25T15:30:05.177] [INFO] default - gathering products and saving their id and name
[2020-11-25T15:31:24.673] [INFO] default - gathering products and saving their id and name
[2020-11-25T15:32:27.408] [INFO] default - gathering products and saving their id and name
[2020-11-25T15:33:06.875] [INFO] default - gathering products and saving their id and name
[2020-11-25T15:33:44.125] [INFO] default - gathering products and saving their id and name
[2020-11-25T15:33:54.553] [INFO] default - gathering products and saving their id and name
[2020-11-25T15:34:50.413] [INFO] default - gathering products and saving their id and name
[2020-11-25T15:34:50.415] [INFO] default - []
[2020-11-25T15:35:21.583] [INFO] default - gathering products and saving their id and name
[2020-11-25T15:35:21.587] [INFO] default - []
[2020-11-25T15:36:44.743] [INFO] default - in get item ids
[2020-11-25T15:36:44.745] [INFO] default - []
[2020-11-25T15:36:45.275] [INFO] default - { id: 77, name: '[Sample] Fog Linen Chambray Towel - Beige Stripe' }
[2020-11-25T15:37:22.588] [INFO] default - in get item ids
[2020-11-25T15:37:22.591] [INFO] default - []
[2020-11-25T15:37:22.979] [INFO] default - { id: 77, name: '[Sample] Fog Linen Chambray Towel - Beige Stripe' }
[2020-11-25T15:38:40.604] [INFO] default - in get item ids
[2020-11-25T15:39:47.492] [INFO] default - in get item ids
[2020-11-25T15:40:08.916] [INFO] default - in get item ids
[2020-11-25T15:41:02.632] [INFO] default - in get item ids
[2020-11-25T15:41:24.432] [INFO] default - in get item ids
[2020-11-25T15:56:09.802] [INFO] default - in get item ids
[2020-11-25T15:58:16.958] [INFO] default - in get item ids
[2020-11-25T15:59:34.713] [INFO] default - in get item ids
[2020-11-25T16:02:29.035] [INFO] default - in get item ids
[2020-11-25T17:36:08.916] [INFO] default - in get item ids
[2020-11-25T17:36:29.403] [INFO] default - in get item ids
[2020-11-25T17:37:57.758] [INFO] default - in get item ids
[2020-11-25T17:38:08.822] [INFO] default - in get item ids
[2020-11-25T17:42:36.421] [INFO] default - in get item ids
[2020-11-25T17:42:50.413] [INFO] default - in get item ids
[2020-11-25T17:51:43.678] [INFO] default - in get item ids
[2020-11-25T17:51:43.707] [INFO] default - gathering images with the item IDs
[2020-11-25T17:53:46.831] [INFO] default - in get item ids
[2020-11-25T17:53:46.851] [INFO] default - gathering images with the item IDs
[2020-11-25T17:59:10.063] [INFO] default - in get item ids
[2020-11-25T17:59:10.084] [INFO] default - gathering images with the item IDs
[2020-11-25T18:02:02.889] [INFO] default - in get item ids
[2020-11-25T18:02:02.910] [INFO] default - gathering images with the item IDs
[2020-11-25T18:03:25.455] [INFO] default - in get item ids
[2020-11-25T18:03:25.476] [INFO] default - gathering images with the item IDs
[2020-11-25T18:04:28.547] [INFO] default - in get item ids
[2020-11-25T18:04:28.568] [INFO] default - gathering images with the item IDs
[2020-11-26T09:36:39.818] [INFO] default - in get item ids
[2020-11-26T09:37:25.961] [INFO] default - in get item ids
[2020-11-26T09:39:15.732] [INFO] default - in get item ids
[2020-11-26T09:39:15.754] [INFO] default - gathering images with the item IDs
[2020-11-26T09:58:43.186] [INFO] default - in get item ids
[2020-11-26T09:58:43.207] [INFO] default - gathering images with the item IDs
[2020-11-26T09:59:19.678] [INFO] default - in get item ids
[2020-11-26T09:59:19.699] [INFO] default - gathering images with the item IDs
[2020-11-26T10:00:03.829] [INFO] default - in get item ids
[2020-11-26T10:00:17.028] [INFO] default - in get item ids
[2020-11-26T10:05:32.057] [INFO] default - in get item ids
[2020-11-26T10:07:11.043] [INFO] default - in get item ids
[2020-11-26T10:08:22.069] [INFO] default - in get item ids
[2020-11-26T10:15:54.259] [INFO] default - in get item ids
[2020-11-26T10:16:54.163] [INFO] default - in get item ids
[2020-11-26T10:17:31.423] [INFO] default - in get item ids
[2020-11-26T10:20:32.561] [INFO] default - in get item ids
[2020-11-26T10:23:50.073] [INFO] default - in get item ids
[2020-11-26T10:24:06.538] [INFO] default - in get item ids
[2020-11-26T10:25:14.206] [INFO] default - in get item ids
[2020-11-26T10:27:14.622] [INFO] default - in get item ids
[2020-11-26T10:32:38.319] [INFO] default - in get item ids
[2020-11-26T10:33:19.031] [INFO] default - in get item ids
[2020-11-26T10:39:19.559] [INFO] default - in get item ids
[2020-11-26T10:40:25.949] [INFO] default - in get item ids
[2020-11-26T10:41:31.000] [INFO] default - in get item ids
[2020-11-26T10:42:04.132] [INFO] default - in get item ids
[2020-11-26T10:42:53.141] [INFO] default - in get item ids
[2020-11-26T10:45:32.250] [INFO] default - in get item ids
[2020-11-26T10:45:44.091] [INFO] default - in get item ids
[2020-11-26T10:49:53.156] [INFO] default - in get item ids
[2020-11-26T10:51:09.611] [INFO] default - in get item ids
[2020-11-26T10:52:24.635] [INFO] default - starting to gather data
[2020-11-26T10:52:24.639] [INFO] default - looking up products
[2020-11-26T10:52:25.008] [INFO] default - using product ids to find image URLs
[2020-11-27T08:28:04.676] [INFO] default - starting to gather data
[2020-11-27T08:28:04.683] [INFO] default - looking up products
[2020-11-27T08:29:26.589] [INFO] default - starting to gather data
[2020-11-27T08:29:26.593] [INFO] default - looking up products
[2020-11-27T08:32:02.339] [INFO] default - starting to gather data
[2020-11-27T08:32:02.343] [INFO] default - looking up products
[2020-11-27T08:32:04.064] [INFO] default - using product ids to find image URLs
[2020-11-27T08:32:04.069] [INFO] default - posting widget template with item urls 
[2020-11-27T08:35:16.704] [INFO] default - starting to gather data
[2020-11-27T08:35:16.709] [INFO] default - looking up products
[2020-11-27T08:35:17.060] [INFO] default - using product ids to find image URLs
[2020-11-27T08:35:17.064] [INFO] default - posting widget template with item urls 
[2020-11-27T08:35:47.188] [INFO] default - starting to gather data
[2020-11-27T08:35:47.192] [INFO] default - looking up products
[2020-11-27T08:35:47.579] [INFO] default - using product ids to find image URLs
[2020-11-27T08:35:47.583] [INFO] default - posting widget template with item urls 
[2020-11-27T10:20:16.774] [INFO] default - starting to gather data
[2020-11-27T10:20:16.782] [INFO] default - looking up products
[2020-11-27T10:20:17.254] [INFO] default - using product ids to find image URLs
[2020-11-27T10:20:17.260] [INFO] default - checking to see if template exists
[2020-11-27T10:21:27.220] [INFO] default - starting to gather data
[2020-11-27T10:21:27.224] [INFO] default - looking up products
[2020-11-27T10:21:27.635] [INFO] default - using product ids to find image URLs
[2020-11-27T10:21:27.640] [INFO] default - checking to see if template exists
[2020-11-27T10:25:06.868] [INFO] default - starting to gather data
[2020-11-27T10:25:06.872] [INFO] default - looking up products
[2020-11-27T10:25:07.510] [INFO] default - using product ids to find image URLs
[2020-11-27T10:25:07.516] [INFO] default - checking to see if template exists
[2020-11-27T10:27:48.323] [INFO] default - starting to gather data
[2020-11-27T10:27:48.327] [INFO] default - looking up products
[2020-11-27T10:27:49.353] [INFO] default - using product ids to find image URLs
[2020-11-27T10:27:49.359] [INFO] default - checking to see if template exists
[2020-11-27T10:31:04.694] [INFO] default - starting to gather data
[2020-11-27T10:31:04.699] [INFO] default - looking up products
[2020-11-27T10:31:04.715] [INFO] default - initiating widget template
[2020-11-27T10:31:04.715] [INFO] default - checking to see if template exists
[2020-11-27T10:31:05.176] [INFO] default - using product ids to find image URLs
[2020-11-27T10:31:57.580] [INFO] default - starting to gather data
[2020-11-27T10:31:57.585] [INFO] default - looking up products
[2020-11-27T10:31:57.603] [INFO] default - initiating widget template
[2020-11-27T10:31:57.603] [INFO] default - checking to see if template exists
[2020-11-27T10:31:58.028] [INFO] default - using product ids to find image URLs
[2020-11-27T10:48:10.303] [INFO] default - starting to gather data
[2020-11-27T10:48:10.307] [INFO] default - looking up products
[2020-11-27T10:48:10.323] [INFO] default - initiating widget template
[2020-11-27T10:48:10.323] [INFO] default - checking to see if template exists
[2020-11-27T10:48:10.632] [INFO] default - template found, skipping creation step
[2020-11-27T10:48:10.792] [INFO] default - using product ids to find image URLs
[2020-11-27T10:48:26.860] [INFO] default - starting to gather data
[2020-11-27T10:48:26.864] [INFO] default - looking up products
[2020-11-27T10:48:26.880] [INFO] default - initiating widget template
[2020-11-27T10:48:26.880] [INFO] default - checking to see if template exists
[2020-11-27T10:48:27.150] [INFO] default - template found, skipping creation step
[2020-11-27T10:48:27.202] [INFO] default - using product ids to find image URLs
[2020-11-27T10:55:06.663] [INFO] default - starting to gather data
[2020-11-27T10:55:06.668] [INFO] default - looking up products
[2020-11-27T10:55:06.685] [INFO] default - initiating widget template
[2020-11-27T10:55:06.685] [INFO] default - checking to see if template exists
[2020-11-27T10:55:06.989] [INFO] default - template found, skipping creation step
[2020-11-27T10:55:07.040] [INFO] default - using product ids to find image URLs
[2020-11-27T10:56:11.769] [INFO] default - starting to gather data
[2020-11-27T10:56:11.774] [INFO] default - looking up products
[2020-11-27T10:56:11.792] [INFO] default - initiating widget template
[2020-11-27T10:56:11.792] [INFO] default - checking to see if template exists
[2020-11-27T10:56:12.089] [INFO] default - template found, skipping creation step
[2020-11-27T10:56:12.398] [INFO] default - using product ids to find image URLs
[2020-11-27T11:02:25.920] [INFO] default - starting to gather data
[2020-11-27T11:02:25.925] [INFO] default - looking up products
[2020-11-27T11:02:25.941] [INFO] default - initiating widget template
[2020-11-27T11:02:25.941] [INFO] default - checking to see if template exists
[2020-11-27T11:02:26.264] [INFO] default - template found 4756038a-fc3f-4093-9f53-cd7c36c1be35, skipping creation step
[2020-11-27T11:02:26.455] [INFO] default - using product ids to find image URLs
[2020-11-27T11:04:02.706] [INFO] default - starting to gather data
[2020-11-27T11:04:02.710] [INFO] default - looking up products
[2020-11-27T11:04:02.727] [INFO] default - initiating widget template
[2020-11-27T11:04:02.728] [INFO] default - checking to see if template exists
[2020-11-27T11:04:03.087] [INFO] default - template found 4756038a-fc3f-4093-9f53-cd7c36c1be35, skipping creation step
[2020-11-27T11:04:03.169] [INFO] default - using product ids to find image URLs
[2020-11-27T11:17:34.753] [INFO] default - starting to gather data
[2020-11-27T11:17:34.760] [INFO] default - looking up products
[2020-11-27T11:17:34.780] [INFO] default - initiating widget template
[2020-11-27T11:17:34.780] [INFO] default - checking to see if template exists
[2020-11-27T11:17:35.148] [INFO] default - template found 4756038a-fc3f-4093-9f53-cd7c36c1be35, skipping creation step
[2020-11-27T11:17:35.229] [INFO] default - using product ids to find image URLs
[2020-11-27T11:18:08.757] [INFO] default - starting to gather data
[2020-11-27T11:18:08.761] [INFO] default - looking up products
[2020-11-27T11:18:08.777] [INFO] default - initiating widget template
[2020-11-27T11:18:08.777] [INFO] default - checking to see if template exists
[2020-11-27T11:18:09.096] [INFO] default - using product ids to find image URLs
[2020-11-27T11:18:09.133] [INFO] default - template found 4756038a-fc3f-4093-9f53-cd7c36c1be35, skipping creation step
[2020-11-27T11:27:23.251] [INFO] default - starting to gather data
[2020-11-27T11:27:23.255] [INFO] default - looking up products
[2020-11-27T11:27:23.271] [INFO] default - initiating widget template
[2020-11-27T11:27:23.271] [INFO] default - checking to see if template exists
[2020-11-27T11:27:23.597] [INFO] default - template found 4756038a-fc3f-4093-9f53-cd7c36c1be35, skipping creation step
[2020-11-27T11:27:23.794] [INFO] default - using product ids to find image URLs
[2020-11-27T11:29:27.998] [INFO] default - starting to gather data
[2020-11-27T11:29:28.003] [INFO] default - looking up products
[2020-11-27T11:29:28.020] [INFO] default - initiating widget template
[2020-11-27T11:29:28.021] [INFO] default - checking to see if template exists
[2020-11-27T11:29:28.367] [INFO] default - template found 4756038a-fc3f-4093-9f53-cd7c36c1be35, skipping creation step
[2020-11-27T11:29:28.422] [INFO] default - using product ids to find image URLs
[2020-11-27T11:31:30.918] [INFO] default - starting to gather data
[2020-11-27T11:31:30.923] [INFO] default - looking up products
[2020-11-27T11:31:30.944] [INFO] default - initiating widget template
[2020-11-27T11:31:30.945] [INFO] default - checking to see if template exists
[2020-11-27T11:31:31.367] [INFO] default - using product ids to find image URLs
[2020-11-27T11:32:02.807] [INFO] default - starting to gather data
[2020-11-27T11:32:02.811] [INFO] default - looking up products
[2020-11-27T11:32:02.826] [INFO] default - initiating widget template
[2020-11-27T11:32:02.826] [INFO] default - checking to see if template exists
[2020-11-27T11:32:03.107] [INFO] default - using product ids to find image URLs
[2020-11-27T11:32:47.595] [INFO] default - starting to gather data
[2020-11-27T11:32:47.599] [INFO] default - looking up products
[2020-11-27T11:32:47.617] [INFO] default - initiating widget template
[2020-11-27T11:32:47.617] [INFO] default - checking to see if template exists
[2020-11-27T11:32:48.006] [INFO] default - using product ids to find image URLs
[2020-11-27T11:33:16.556] [INFO] default - starting to gather data
[2020-11-27T11:33:16.560] [INFO] default - looking up products
[2020-11-27T11:33:16.576] [INFO] default - initiating widget template
[2020-11-27T11:33:16.576] [INFO] default - checking to see if template exists
[2020-11-27T11:33:16.844] [INFO] default - template found 4756038a-fc3f-4093-9f53-cd7c36c1be35, skipping creation step
[2020-11-27T11:33:16.927] [INFO] default - using product ids to find image URLs
[2020-11-27T11:33:54.104] [INFO] default - starting to gather data
[2020-11-27T11:33:54.108] [INFO] default - looking up products
[2020-11-27T11:33:54.127] [INFO] default - initiating widget template
[2020-11-27T11:33:54.127] [INFO] default - checking to see if template exists
[2020-11-27T11:33:54.394] [INFO] default - template found 4756038a-fc3f-4093-9f53-cd7c36c1be35, skipping creation step
[2020-11-27T11:33:54.490] [INFO] default - using product ids to find image URLs
[2020-11-27T11:34:52.479] [INFO] default - starting to gather data
[2020-11-27T11:34:52.484] [INFO] default - looking up products
[2020-11-27T11:34:52.500] [INFO] default - initiating widget template
[2020-11-27T11:34:52.500] [INFO] default - checking to see if template exists
[2020-11-27T11:34:52.821] [INFO] default - found undefined
[2020-11-27T11:34:52.822] [INFO] default - template found 4756038a-fc3f-4093-9f53-cd7c36c1be35, skipping creation step
[2020-11-27T11:34:52.852] [INFO] default - using product ids to find image URLs
[2020-11-27T11:40:16.943] [INFO] default - starting to gather data
[2020-11-27T11:40:16.950] [INFO] default - looking up products
[2020-11-27T11:40:17.547] [INFO] default - using product ids to find image URLs
[2020-11-27T11:47:00.324] [INFO] default - starting to gather data
[2020-11-27T11:47:00.327] [INFO] default - looking up products
[2020-11-27T11:47:00.739] [INFO] default - using product ids to find image URLs
[2020-11-27T11:47:15.291] [INFO] default - starting to gather data
[2020-11-27T11:47:15.296] [INFO] default - looking up products
[2020-11-27T11:47:15.314] [INFO] default - initiating widget template
[2020-11-27T11:47:15.314] [INFO] default - checking to see if template exists
[2020-11-27T11:47:15.606] [INFO] default - using product ids to find image URLs
[2020-11-27T11:52:01.023] [INFO] default - starting to gather data
[2020-11-27T11:52:01.029] [INFO] default - looking up products
[2020-11-27T11:52:01.055] [INFO] default - initiating widget template
[2020-11-27T11:52:01.055] [INFO] default - checking to see if template exists
[2020-11-27T11:52:01.369] [INFO] default - template found 4756038a-fc3f-4093-9f53-cd7c36c1be35, skipping creation step
[2020-11-27T11:52:01.402] [INFO] default - using product ids to find image URLs
[2020-11-27T11:52:36.997] [INFO] default - starting to gather data
[2020-11-27T11:52:37.003] [INFO] default - looking up products
[2020-11-27T11:52:37.029] [INFO] default - initiating widget template
[2020-11-27T11:52:37.029] [INFO] default - checking to see if template exists
[2020-11-27T11:52:37.304] [INFO] default - template found 4756038a-fc3f-4093-9f53-cd7c36c1be35, skipping creation step
[2020-11-27T11:52:37.421] [INFO] default - using product ids to find image URLs
[2020-11-27T11:54:28.990] [INFO] default - starting to gather data
[2020-11-27T11:54:28.995] [INFO] default - looking up products
[2020-11-27T11:54:29.011] [INFO] default - initiating widget template
[2020-11-27T11:54:29.011] [INFO] default - checking to see if template exists
[2020-11-27T11:54:29.376] [INFO] default - using product ids to find image URLs
[2020-11-27T11:55:01.825] [INFO] default - starting to gather data
[2020-11-27T11:55:01.828] [INFO] default - looking up products
[2020-11-27T11:55:01.845] [INFO] default - initiating widget template
[2020-11-27T11:55:01.845] [INFO] default - checking to see if template exists
[2020-11-27T11:55:02.413] [INFO] default - using product ids to find image URLs
[2020-11-27T11:58:33.468] [INFO] default - starting to gather data
[2020-11-27T11:58:33.472] [INFO] default - looking up products
[2020-11-27T11:58:33.489] [INFO] default - initiating widget template
[2020-11-27T11:58:33.489] [INFO] default - checking to see if template exists
[2020-11-27T11:58:33.839] [INFO] default - using product ids to find image URLs
[2020-11-27T11:59:08.747] [INFO] default - starting to gather data
[2020-11-27T11:59:08.750] [INFO] default - looking up products
[2020-11-27T11:59:08.768] [INFO] default - initiating widget template
[2020-11-27T11:59:08.768] [INFO] default - checking to see if template exists
[2020-11-27T11:59:09.074] [INFO] default - using product ids to find image URLs
[2020-11-27T11:59:30.884] [INFO] default - starting to gather data
[2020-11-27T11:59:30.888] [INFO] default - looking up products
[2020-11-27T11:59:30.906] [INFO] default - initiating widget template
[2020-11-27T11:59:30.906] [INFO] default - checking to see if template exists
[2020-11-27T11:59:31.267] [INFO] default - using product ids to find image URLs
[2020-11-27T12:01:35.425] [INFO] default - starting to gather data
[2020-11-27T12:01:35.429] [INFO] default - looking up products
[2020-11-27T12:01:35.446] [INFO] default - initiating widget template
[2020-11-27T12:01:35.446] [INFO] default - checking to see if template exists
[2020-11-27T12:01:35.776] [INFO] default - sending out POST to create widget template
[2020-11-27T12:01:35.803] [INFO] default - using product ids to find image URLs
[2020-11-27T12:02:01.352] [INFO] default - starting to gather data
[2020-11-27T12:02:01.356] [INFO] default - looking up products
[2020-11-27T12:02:01.373] [INFO] default - initiating widget template
[2020-11-27T12:02:01.373] [INFO] default - checking to see if template exists
[2020-11-27T12:02:01.629] [INFO] default - template found 4756038a-fc3f-4093-9f53-cd7c36c1be35, skipping creation step
[2020-11-27T12:02:01.631] [INFO] default - sending out POST to create widget template
[2020-11-27T12:02:01.768] [INFO] default - using product ids to find image URLs
[2020-11-27T12:05:03.150] [INFO] default - starting to gather data
[2020-11-27T12:05:03.154] [INFO] default - looking up products
[2020-11-27T12:05:03.171] [INFO] default - initiating widget template
[2020-11-27T12:05:03.171] [INFO] default - checking to see if template exists
[2020-11-27T12:05:03.481] [INFO] default - template found 4756038a-fc3f-4093-9f53-cd7c36c1be35, skipping creation step
[2020-11-27T12:05:03.523] [INFO] default - using product ids to find image URLs
[2020-11-27T12:05:17.678] [INFO] default - starting to gather data
[2020-11-27T12:05:17.682] [INFO] default - looking up products
[2020-11-27T12:05:17.698] [INFO] default - initiating widget template
[2020-11-27T12:05:17.698] [INFO] default - checking to see if template exists
[2020-11-27T12:05:17.972] [INFO] default - sending out POST to create widget template
[2020-11-27T12:05:18.039] [INFO] default - using product ids to find image URLs
[2020-11-27T12:05:27.792] [INFO] default - starting to gather data
[2020-11-27T12:05:27.797] [INFO] default - looking up products
[2020-11-27T12:05:27.814] [INFO] default - initiating widget template
[2020-11-27T12:05:27.815] [INFO] default - checking to see if template exists
[2020-11-27T12:05:28.121] [INFO] default - template found 4756038a-fc3f-4093-9f53-cd7c36c1be35, skipping creation step
[2020-11-27T12:05:28.154] [INFO] default - using product ids to find image URLs
[2020-11-27T12:06:32.553] [INFO] default - starting to gather data
[2020-11-27T12:06:32.557] [INFO] default - looking up products
[2020-11-27T12:06:32.573] [INFO] default - initiating widget template
[2020-11-27T12:06:32.573] [INFO] default - checking to see if template exists
[2020-11-27T12:06:32.893] [INFO] default - template found 4756038a-fc3f-4093-9f53-cd7c36c1be35, skipping creation step
[2020-11-27T12:06:32.893] [INFO] default - initializing new widget with template UUID 4756038a-fc3f-4093-9f53-cd7c36c1be35
[2020-11-27T12:06:32.972] [INFO] default - using product ids to find image URLs
[2020-11-27T12:08:02.262] [INFO] default - starting to gather data
[2020-11-27T12:08:02.267] [INFO] default - looking up products
[2020-11-27T12:08:02.283] [INFO] default - []
[2020-11-27T12:08:02.283] [INFO] default - initiating widget template
[2020-11-27T12:08:02.284] [INFO] default - checking to see if template exists
[2020-11-27T12:08:02.607] [INFO] default - template found 4756038a-fc3f-4093-9f53-cd7c36c1be35, skipping creation step
[2020-11-27T12:08:02.608] [INFO] default - initializing new widget with template UUID 4756038a-fc3f-4093-9f53-cd7c36c1be35
[2020-11-27T12:08:02.647] [INFO] default - using product ids to find image URLs
[2020-11-27T12:10:02.448] [INFO] default - starting to gather data
[2020-11-27T12:10:02.453] [INFO] default - looking up products
[2020-11-27T12:10:02.469] [INFO] default - []
[2020-11-27T12:10:02.470] [INFO] default - initiating widget template
[2020-11-27T12:10:02.470] [INFO] default - []
[2020-11-27T12:10:02.470] [INFO] default - checking to see if template exists
[2020-11-27T12:10:02.793] [INFO] default - template found 4756038a-fc3f-4093-9f53-cd7c36c1be35, skipping creation step
[2020-11-27T12:10:02.794] [INFO] default - initializing new widget with template UUID 4756038a-fc3f-4093-9f53-cd7c36c1be35
[2020-11-27T12:10:02.936] [INFO] default - using product ids to find image URLs
[2020-11-27T12:12:17.280] [INFO] default - starting to gather data
[2020-11-27T12:12:17.285] [INFO] default - looking up products
[2020-11-27T12:12:17.771] [INFO] default - using product ids to find image URLs
[2020-11-27T12:14:41.057] [INFO] default - starting to gather data
[2020-11-27T12:14:41.061] [INFO] default - looking up products
[2020-11-27T12:14:41.510] [INFO] default - using product ids to find image URLs
[2020-11-27T12:14:41.513] [INFO] default - []
[2020-11-27T12:14:41.513] [INFO] default - initiating widget template
[2020-11-27T12:14:41.514] [INFO] default - []
[2020-11-27T12:14:41.514] [INFO] default - checking to see if template exists
[2020-11-27T12:14:41.840] [INFO] default - template found 4756038a-fc3f-4093-9f53-cd7c36c1be35, skipping creation step
[2020-11-27T12:14:41.840] [INFO] default - initializing new widget with template UUID 4756038a-fc3f-4093-9f53-cd7c36c1be35
[2020-11-27T12:16:55.885] [INFO] default - starting to gather data
[2020-11-27T12:16:55.889] [INFO] default - looking up products
[2020-11-27T12:16:56.726] [INFO] default - using product ids to find image URLs
[2020-11-27T12:16:56.731] [INFO] default - []
[2020-11-27T12:16:56.731] [INFO] default - initiating widget template
[2020-11-27T12:16:56.731] [INFO] default - []
[2020-11-27T12:16:56.732] [INFO] default - checking to see if template exists
[2020-11-27T12:16:57.601] [INFO] default - template found 4756038a-fc3f-4093-9f53-cd7c36c1be35, skipping creation step
[2020-11-27T12:16:57.601] [INFO] default - initializing new widget with template UUID 4756038a-fc3f-4093-9f53-cd7c36c1be35
[2020-11-27T12:19:26.296] [INFO] default - starting to gather data
[2020-11-27T12:19:26.301] [INFO] default - looking up products
[2020-11-27T12:19:27.112] [INFO] default - using product ids to find image URLs
[2020-11-27T12:19:27.118] [INFO] default - []
[2020-11-27T12:19:27.118] [INFO] default - initiating widget template
[2020-11-27T12:19:27.118] [INFO] default - []
[2020-11-27T12:19:27.119] [INFO] default - checking to see if template exists
[2020-11-27T12:19:27.398] [INFO] default - template found 4756038a-fc3f-4093-9f53-cd7c36c1be35, skipping creation step
[2020-11-27T12:19:27.399] [INFO] default - initializing new widget with template UUID 4756038a-fc3f-4093-9f53-cd7c36c1be35
[2020-11-27T12:22:34.257] [INFO] default - starting to gather data
[2020-11-27T12:22:34.261] [INFO] default - looking up products
[2020-11-27T12:22:34.620] [INFO] default - using product ids to find image URLs
[2020-11-27T12:22:34.625] [INFO] default - []
[2020-11-27T12:22:34.626] [INFO] default - initiating widget template
[2020-11-27T12:22:34.626] [INFO] default - []
[2020-11-27T12:22:34.626] [INFO] default - checking to see if template exists
[2020-11-27T12:22:34.885] [INFO] default - template found 4756038a-fc3f-4093-9f53-cd7c36c1be35, skipping creation step
[2020-11-27T12:22:34.885] [INFO] default - initializing new widget with template UUID 4756038a-fc3f-4093-9f53-cd7c36c1be35
[2020-11-27T12:24:53.358] [INFO] default - starting to gather data
[2020-11-27T12:24:53.364] [INFO] default - looking up products
[2020-11-27T12:24:53.990] [INFO] default - using product ids to find image URLs
[2020-11-27T12:24:53.997] [INFO] default - following data was mined 
[2020-11-27T12:24:53.997] [INFO] default - initiating widget template
[2020-11-27T12:24:53.997] [INFO] default - []
[2020-11-27T12:24:53.998] [INFO] default - checking to see if template exists
[2020-11-27T12:24:54.259] [INFO] default - template found 4756038a-fc3f-4093-9f53-cd7c36c1be35, skipping creation step
[2020-11-27T12:24:54.259] [INFO] default - initializing new widget with template UUID 4756038a-fc3f-4093-9f53-cd7c36c1be35
[2020-11-27T12:30:53.481] [INFO] default - starting to gather data
[2020-11-27T12:30:53.485] [INFO] default - looking up products
[2020-11-27T12:30:54.008] [INFO] default - using product ids to find image URLs
[2020-11-27T12:30:54.011] [INFO] default - following data was mined 
[2020-11-27T12:30:54.011] [INFO] default - initiating widget template
[2020-11-27T12:30:54.012] [INFO] default - []
[2020-11-27T12:30:54.012] [INFO] default - checking to see if template exists
[2020-11-27T12:30:54.271] [INFO] default - template found 4756038a-fc3f-4093-9f53-cd7c36c1be35, skipping creation step
[2020-11-27T12:32:08.547] [INFO] default - starting to gather data
[2020-11-27T12:32:08.557] [INFO] default - looking up products
[2020-11-27T12:32:09.054] [INFO] default - using product ids to find image URLs
[2020-11-27T12:32:23.084] [INFO] default - starting to gather data
[2020-11-27T12:32:23.089] [INFO] default - looking up products
[2020-11-27T12:32:23.408] [INFO] default - using product ids to find image URLs
[2020-11-27T12:32:23.412] [INFO] default - following data was mined 0
[2020-11-27T12:32:23.413] [INFO] default - initiating widget template
[2020-11-27T12:32:23.413] [INFO] default - []
[2020-11-27T12:32:23.413] [INFO] default - checking to see if template exists
[2020-11-27T12:32:23.750] [INFO] default - template found 4756038a-fc3f-4093-9f53-cd7c36c1be35, skipping creation step
[2020-11-27T12:33:52.062] [INFO] default - starting to gather data
[2020-11-27T12:33:52.068] [INFO] default - looking up products
[2020-11-27T12:33:52.590] [INFO] default - using product ids to find image URLs
[2020-11-27T12:33:52.595] [INFO] default - following data was mined 0
[2020-11-27T12:33:52.596] [INFO] default - initiating widget template
[2020-11-27T12:33:52.596] [INFO] default - []
[2020-11-27T12:33:52.596] [INFO] default - checking to see if template exists
[2020-11-27T12:33:52.848] [INFO] default - template found 4756038a-fc3f-4093-9f53-cd7c36c1be35, skipping creation step
[2020-11-27T12:34:48.449] [INFO] default - starting to gather data
[2020-11-27T12:34:48.453] [INFO] default - looking up products
[2020-11-27T12:34:49.017] [INFO] default - using product ids to find image URLs
[2020-11-27T12:34:49.022] [INFO] default - following data was mined 0
[2020-11-27T12:34:49.022] [INFO] default - initiating widget template
[2020-11-27T12:34:49.022] [INFO] default - []
[2020-11-27T12:34:49.023] [INFO] default - checking to see if template exists
[2020-11-27T12:34:49.265] [INFO] default - template found 4756038a-fc3f-4093-9f53-cd7c36c1be35, skipping creation step
[2020-11-27T12:38:07.841] [INFO] default - starting to gather data
[2020-11-27T12:38:07.845] [INFO] default - looking up products
[2020-11-27T12:38:08.263] [INFO] default - using product ids to find image URLs
[2020-11-27T12:38:08.266] [INFO] default - following data was mined 0
[2020-11-27T12:38:08.266] [INFO] default - initiating widget template
[2020-11-27T12:38:08.266] [INFO] default - []
[2020-11-27T12:38:08.267] [INFO] default - checking to see if template exists
[2020-11-27T12:38:08.563] [INFO] default - template found 4756038a-fc3f-4093-9f53-cd7c36c1be35, skipping creation step
[2020-11-27T12:39:47.839] [INFO] default - starting to gather data
[2020-11-27T12:39:47.848] [INFO] default - looking up products
[2020-11-27T12:39:48.269] [INFO] default - using product ids to find image URLs
[2020-11-27T12:39:48.274] [INFO] default - following data was mined 0
[2020-11-27T12:39:48.274] [INFO] default - initiating widget template
[2020-11-27T12:39:48.274] [INFO] default - []
[2020-11-27T12:39:48.275] [INFO] default - checking to see if template exists
[2020-11-27T12:39:48.619] [INFO] default - template found 4756038a-fc3f-4093-9f53-cd7c36c1be35, skipping creation step
[2020-11-27T12:41:08.802] [INFO] default - starting to gather data
[2020-11-27T12:41:08.807] [INFO] default - looking up products
[2020-11-27T12:41:52.705] [INFO] default - starting to gather data
[2020-11-27T12:41:52.709] [INFO] default - looking up products
[2020-11-27T12:41:53.029] [INFO] default - using product ids to find image URLs
[2020-11-27T12:41:53.033] [INFO] default - following data was mined 0
[2020-11-27T12:41:53.033] [INFO] default - initiating widget template
[2020-11-27T12:41:53.034] [INFO] default - []
[2020-11-27T12:41:53.034] [INFO] default - checking to see if template exists
[2020-11-27T12:41:53.306] [INFO] default - template found 4756038a-fc3f-4093-9f53-cd7c36c1be35, skipping creation step
